{
  "RSpec": {
    "coverage": {
      "/Users/bryce.simonds/Desktop/turing/3Module/projects/sweater_weather/sweater-weather/spec/requests/api/v1/forecast_requests_spec.rb": {
        "lines": [
          1,
          null,
          1,
          1,
          null,
          1,
          null,
          1,
          1,
          null,
          1,
          1,
          1,
          1,
          1,
          1,
          1,
          1,
          null,
          1,
          1,
          1,
          1,
          1,
          1,
          1,
          1,
          1,
          1,
          1,
          null,
          1,
          1,
          1,
          8,
          8,
          8,
          8,
          8,
          8,
          8,
          8,
          8,
          8,
          null,
          null,
          1,
          1,
          1,
          48,
          48,
          48,
          48,
          48,
          48,
          48,
          null,
          null,
          null
        ]
      },
      "/Users/bryce.simonds/Desktop/turing/3Module/projects/sweater_weather/sweater-weather/spec/rails_helper.rb": {
        "lines": [
          null,
          1,
          1,
          1,
          null,
          1,
          1,
          null,
          null,
          null,
          null,
          null,
          null,
          null,
          null,
          null,
          null,
          null,
          null,
          null,
          null,
          null,
          null,
          null,
          null,
          null,
          null,
          1,
          null,
          0,
          0,
          null,
          1,
          null,
          1,
          null,
          null,
          null,
          null,
          1,
          null,
          null,
          null,
          null,
          null,
          null,
          null,
          null,
          null,
          null,
          null,
          null,
          null,
          null,
          null,
          null,
          null,
          1,
          null,
          null,
          1,
          null,
          null,
          null,
          null,
          1,
          1,
          1,
          3,
          1,
          1,
          null,
          null,
          1,
          1,
          1,
          1,
          null,
          null
        ]
      },
      "/Users/bryce.simonds/Desktop/turing/3Module/projects/sweater_weather/sweater-weather/config/environment.rb": {
        "lines": [
          null,
          1,
          null,
          null,
          1
        ]
      },
      "/Users/bryce.simonds/Desktop/turing/3Module/projects/sweater_weather/sweater-weather/config/application.rb": {
        "lines": [
          1,
          null,
          1,
          null,
          1,
          1,
          1,
          1,
          1,
          1,
          1,
          1,
          null,
          null,
          null,
          null,
          null,
          1,
          null,
          1,
          1,
          null,
          1,
          null,
          null,
          null,
          null,
          null,
          null,
          null,
          null,
          null,
          1,
          null,
          null
        ]
      },
      "/Users/bryce.simonds/Desktop/turing/3Module/projects/sweater_weather/sweater-weather/config/boot.rb": {
        "lines": [
          1,
          null,
          1,
          1
        ]
      },
      "/Users/bryce.simonds/Desktop/turing/3Module/projects/sweater_weather/sweater-weather/config/environments/test.rb": {
        "lines": [
          1,
          null,
          null,
          null,
          null,
          null,
          null,
          1,
          null,
          null,
          null,
          null,
          1,
          null,
          null,
          1,
          1,
          null,
          null,
          null,
          null,
          1,
          1,
          null,
          null,
          1,
          null,
          null,
          1,
          null,
          null,
          1,
          null,
          1,
          null,
          null,
          null,
          null,
          1,
          null,
          null,
          1,
          null,
          null,
          null,
          null
        ]
      },
      "/Users/bryce.simonds/Desktop/turing/3Module/projects/sweater_weather/sweater-weather/config/initializers/application_controller_renderer.rb": {
        "lines": [
          null,
          null,
          null,
          null,
          null,
          null,
          null,
          null
        ]
      },
      "/Users/bryce.simonds/Desktop/turing/3Module/projects/sweater_weather/sweater-weather/config/initializers/backtrace_silencers.rb": {
        "lines": [
          null,
          null,
          null,
          null,
          null,
          null,
          null
        ]
      },
      "/Users/bryce.simonds/Desktop/turing/3Module/projects/sweater_weather/sweater-weather/config/initializers/cors.rb": {
        "lines": [
          null,
          null,
          null,
          null,
          null,
          null,
          null,
          null,
          null,
          null,
          null,
          null,
          null,
          null,
          null,
          null
        ]
      },
      "/Users/bryce.simonds/Desktop/turing/3Module/projects/sweater_weather/sweater-weather/config/initializers/filter_parameter_logging.rb": {
        "lines": [
          null,
          null,
          null,
          1
        ]
      },
      "/Users/bryce.simonds/Desktop/turing/3Module/projects/sweater_weather/sweater-weather/config/initializers/inflections.rb": {
        "lines": [
          null,
          null,
          null,
          null,
          null,
          null,
          null,
          null,
          null,
          null,
          null,
          null,
          null,
          null,
          null,
          null
        ]
      },
      "/Users/bryce.simonds/Desktop/turing/3Module/projects/sweater_weather/sweater-weather/config/initializers/mime_types.rb": {
        "lines": [
          null,
          null,
          null,
          null
        ]
      },
      "/Users/bryce.simonds/Desktop/turing/3Module/projects/sweater_weather/sweater-weather/config/initializers/wrap_parameters.rb": {
        "lines": [
          null,
          null,
          null,
          null,
          null,
          null,
          1,
          2,
          null,
          null,
          null,
          null,
          null,
          null
        ]
      },
      "/Users/bryce.simonds/Desktop/turing/3Module/projects/sweater_weather/sweater-weather/config/routes.rb": {
        "lines": [
          1,
          1,
          1,
          1,
          null,
          null,
          null
        ]
      },
      "/Users/bryce.simonds/Desktop/turing/3Module/projects/sweater_weather/sweater-weather/app/controllers/api/v1/forecast_controller.rb": {
        "lines": [
          1,
          1,
          1,
          1,
          null,
          null
        ]
      },
      "/Users/bryce.simonds/Desktop/turing/3Module/projects/sweater_weather/sweater-weather/app/controllers/application_controller.rb": {
        "lines": [
          1,
          null
        ]
      },
      "/Users/bryce.simonds/Desktop/turing/3Module/projects/sweater_weather/sweater-weather/app/facades/forecast_facade.rb": {
        "lines": [
          1,
          1,
          1,
          1,
          1,
          1,
          1,
          null,
          null,
          null
        ]
      },
      "/Users/bryce.simonds/Desktop/turing/3Module/projects/sweater_weather/sweater-weather/app/services/mapquest_service.rb": {
        "lines": [
          1,
          1,
          1,
          1,
          null,
          null,
          1,
          1,
          1,
          1,
          null,
          null,
          null
        ]
      },
      "/Users/bryce.simonds/Desktop/turing/3Module/projects/sweater_weather/sweater-weather/app/services/weather_service.rb": {
        "lines": [
          1,
          1,
          1,
          1,
          null,
          null,
          1,
          1,
          1,
          1,
          null,
          null,
          null,
          null
        ]
      },
      "/Users/bryce.simonds/Desktop/turing/3Module/projects/sweater_weather/sweater-weather/app/serializers/forecast_serializer.rb": {
        "lines": [
          1,
          1,
          1,
          1,
          1,
          1,
          null,
          null,
          1,
          null,
          null,
          null,
          null,
          null,
          null,
          null,
          null,
          null,
          null,
          null,
          null,
          null,
          null,
          null,
          null,
          null,
          8,
          null,
          null,
          null,
          null,
          null,
          null,
          null,
          null,
          null,
          null,
          48,
          null,
          null,
          null,
          null,
          null,
          null,
          null,
          null,
          null,
          null,
          null
        ]
      }
    },
    "timestamp": 1664061221
  }
}
